<?xml version="1.0" encoding="UTF-8"?>
<!-- Generated by org.testng.reporters.JUnitReportReporter -->
<testsuite skipped="1" hostname="iq24" name="javaPractice.DataDriven" tests="1" failures="0" timestamp="16 Jul 2018 12:21:58 GMT" time="0.000" errors="0">
  <testcase name="DemoProject" time="0.000" classname="javaPractice.DataDriven">
    <skipped/>
  </testcase> <!-- DemoProject -->
</testsuite> <!-- javaPractice.DataDriven -->
